Build started 12/16/2014 2:23:39 PM.
     1>Project "C:\Users\First M. Last\Source\Repos\sos\OS\OS.vcxproj" on node 2 (Build target(s)).
     1>C:\Program Files (x86)\MSBuild\Microsoft.Cpp\v4.0\V120\Microsoft.CppBuild.targets(942,5): warning MSB8027: Two or more files with the name of Functions.cpp will produce outputs to the same location. This can lead to an incorrect build result.  The files involved are Functions.cpp, Shared\Functions.cpp.
     1>C:\Program Files (x86)\MSBuild\Microsoft.Cpp\v4.0\V120\Microsoft.CppBuild.targets(942,5): warning MSB8027: Two or more files with the name of Variables.cpp will produce outputs to the same location. This can lead to an incorrect build result.  The files involved are Shared\Variables.cpp, Variables.cpp.
     1>Link:
         C:\Program Files (x86)\Microsoft Visual Studio 12.0\VC\bin\link.exe /ERRORREPORT:PROMPT /OUT:"C:\Users\First M. Last\Source\Repos\sos\Debug\OS.exe" /INCREMENTAL /NOLOGO kernel32.lib user32.lib gdi32.lib winspool.lib comdlg32.lib advapi32.lib shell32.lib ole32.lib oleaut32.lib uuid.lib odbc32.lib odbccp32.lib /MANIFEST /MANIFESTUAC:"level='asInvoker' uiAccess='false'" /manifest:embed /DEBUG /PDB:"C:\Users\First M. Last\Source\Repos\sos\Debug\OS.pdb" /SUBSYSTEM:CONSOLE /TLBID:1 /DYNAMICBASE /NXCOMPAT /IMPLIB:"C:\Users\First M. Last\Source\Repos\sos\Debug\OS.lib" /MACHINE:X86 Debug\Functions.obj
         Debug\SpaceBlock.obj
         Debug\WorstFit.obj
         Debug\Node.obj
         Debug\os.obj
         Debug\Functions.obj
         Debug\Variables.obj
         Debug\Variables.obj
         sos.obj
     1>Debug\Functions.obj : warning LNK4042: object specified more than once; extras ignored
     1>Debug\Variables.obj : warning LNK4042: object specified more than once; extras ignored
     1>LINK : warning LNK4098: defaultlib 'LIBCMT' conflicts with use of other libs; use /NODEFAULTLIB:library
         OS.vcxproj -> C:\Users\First M. Last\Source\Repos\sos\Debug\OS.exe
     1>Done Building Project "C:\Users\First M. Last\Source\Repos\sos\OS\OS.vcxproj" (Build target(s)).

Build succeeded.

Time Elapsed 00:00:00.34
